This file contains any messages produced by compilers while
running configure, to aid debugging if configure makes a mistake.

It was created by configure, which was
generated by GNU Autoconf 2.59.  Invocation command line was

  $ ./configure --without-svgalib

## --------- ##
## Platform. ##
## --------- ##

hostname = desktop
uname -m = i686
uname -r = 3.12.1-1-ARCH
uname -s = Linux
uname -v = #1 SMP PREEMPT Thu Nov 21 09:01:05 CET 2013

/usr/bin/uname -p = unknown
/bin/uname -X     = unknown

/bin/arch              = unknown
/usr/bin/arch -k       = unknown
/usr/convex/getsysinfo = unknown
hostinfo               = unknown
/bin/machine           = unknown
/usr/bin/oslevel       = unknown
/bin/universe          = unknown

PATH: /usr/local/sbin
PATH: /usr/local/bin
PATH: /usr/bin
PATH: /opt/android-sdk/platform-tools
PATH: /opt/android-sdk/tools
PATH: /usr/bin/vendor_perl
PATH: /usr/bin/core_perl
PATH: /usr/local/angstrom/arm/scripts


## ----------- ##
## Core tests. ##
## ----------- ##

configure:1425: checking whether make sets $(MAKE)
configure:1445: result: yes
configure:1467: checking for a BSD-compatible install
configure:1522: result: /usr/bin/install -c
configure:1579: checking for gcc
configure:1595: found /usr/bin/gcc
configure:1605: result: gcc
configure:1849: checking for C compiler version
configure:1852: gcc --version </dev/null >&5
gcc (GCC) 4.8.2
Copyright (C) 2013 Free Software Foundation, Inc.
This is free software; see the source for copying conditions.  There is NO
warranty; not even for MERCHANTABILITY or FITNESS FOR A PARTICULAR PURPOSE.

configure:1855: $? = 0
configure:1857: gcc -v </dev/null >&5
Using built-in specs.
COLLECT_GCC=gcc
COLLECT_LTO_WRAPPER=/usr/lib/gcc/i686-pc-linux-gnu/4.8.2/lto-wrapper
Target: i686-pc-linux-gnu
Configured with: /build/gcc/src/gcc-4.8.2/configure --prefix=/usr --libdir=/usr/lib --libexecdir=/usr/lib --mandir=/usr/share/man --infodir=/usr/share/info --with-bugurl=https://bugs.archlinux.org/ --enable-languages=c,c++,ada,fortran,go,lto,objc,obj-c++ --enable-shared --enable-threads=posix --with-system-zlib --enable-__cxa_atexit --disable-libunwind-exceptions --enable-clocale=gnu --disable-libstdcxx-pch --enable-gnu-unique-object --enable-linker-build-id --enable-cloog-backend=isl --disable-cloog-version-check --enable-lto --enable-gold --enable-ld=default --enable-plugin --with-plugin-ld=ld.gold --with-linker-hash-style=gnu --disable-install-libiberty --disable-multilib --disable-libssp --disable-werror --enable-checking=release
Thread model: posix
gcc version 4.8.2 (GCC) 
configure:1860: $? = 0
configure:1862: gcc -V </dev/null >&5
gcc: error: unrecognized command line option '-V'
gcc: fatal error: no input files
compilation terminated.
configure:1865: $? = 1
configure:1888: checking for C compiler default output file name
configure:1891: gcc -march=i686 -mtune=generic -O2 -pipe -fstack-protector --param=ssp-buffer-size=4 -D_FORTIFY_SOURCE=2 -Wl,-O1,--sort-common,--as-needed,-z,relro conftest.c  >&5
configure:1894: $? = 0
configure:1940: result: a.out
configure:1945: checking whether the C compiler works
configure:1951: ./a.out
configure:1954: $? = 0
configure:1971: result: yes
configure:1978: checking whether we are cross compiling
configure:1980: result: no
configure:1983: checking for suffix of executables
configure:1985: gcc -o conftest -march=i686 -mtune=generic -O2 -pipe -fstack-protector --param=ssp-buffer-size=4 -D_FORTIFY_SOURCE=2 -Wl,-O1,--sort-common,--as-needed,-z,relro conftest.c  >&5
configure:1988: $? = 0
configure:2013: result: 
configure:2019: checking for suffix of object files
configure:2040: gcc -c -march=i686 -mtune=generic -O2 -pipe -fstack-protector --param=ssp-buffer-size=4 -D_FORTIFY_SOURCE=2 conftest.c >&5
configure:2043: $? = 0
configure:2065: result: o
configure:2069: checking whether we are using the GNU C compiler
configure:2093: gcc -c -march=i686 -mtune=generic -O2 -pipe -fstack-protector --param=ssp-buffer-size=4 -D_FORTIFY_SOURCE=2 conftest.c >&5
configure:2099: $? = 0
configure:2102: test -z 			 || test ! -s conftest.err
configure:2105: $? = 0
configure:2108: test -s conftest.o
configure:2111: $? = 0
configure:2124: result: yes
configure:2130: checking whether gcc accepts -g
configure:2151: gcc -c -g -D_FORTIFY_SOURCE=2 conftest.c >&5
configure:2157: $? = 0
configure:2160: test -z 			 || test ! -s conftest.err
configure:2163: $? = 0
configure:2166: test -s conftest.o
configure:2169: $? = 0
configure:2180: result: yes
configure:2197: checking for gcc option to accept ANSI C
configure:2267: gcc  -c -march=i686 -mtune=generic -O2 -pipe -fstack-protector --param=ssp-buffer-size=4 -D_FORTIFY_SOURCE=2 conftest.c >&5
configure:2273: $? = 0
configure:2276: test -z 			 || test ! -s conftest.err
configure:2279: $? = 0
configure:2282: test -s conftest.o
configure:2285: $? = 0
configure:2303: result: none needed
configure:2321: gcc -c -march=i686 -mtune=generic -O2 -pipe -fstack-protector --param=ssp-buffer-size=4 -D_FORTIFY_SOURCE=2 conftest.c >&5
conftest.c:2:3: error: unknown type name 'choke'
   choke me
   ^
conftest.c:2:3: error: expected '=', ',', ';', 'asm' or '__attribute__' at end of input
configure:2327: $? = 1
configure: failed program was:
| #ifndef __cplusplus
|   choke me
| #endif
configure:2509: checking for g++
configure:2525: found /usr/bin/g++
configure:2535: result: g++
configure:2551: checking for C++ compiler version
configure:2554: g++ --version </dev/null >&5
g++ (GCC) 4.8.2
Copyright (C) 2013 Free Software Foundation, Inc.
This is free software; see the source for copying conditions.  There is NO
warranty; not even for MERCHANTABILITY or FITNESS FOR A PARTICULAR PURPOSE.

configure:2557: $? = 0
configure:2559: g++ -v </dev/null >&5
Using built-in specs.
COLLECT_GCC=g++
COLLECT_LTO_WRAPPER=/usr/lib/gcc/i686-pc-linux-gnu/4.8.2/lto-wrapper
Target: i686-pc-linux-gnu
Configured with: /build/gcc/src/gcc-4.8.2/configure --prefix=/usr --libdir=/usr/lib --libexecdir=/usr/lib --mandir=/usr/share/man --infodir=/usr/share/info --with-bugurl=https://bugs.archlinux.org/ --enable-languages=c,c++,ada,fortran,go,lto,objc,obj-c++ --enable-shared --enable-threads=posix --with-system-zlib --enable-__cxa_atexit --disable-libunwind-exceptions --enable-clocale=gnu --disable-libstdcxx-pch --enable-gnu-unique-object --enable-linker-build-id --enable-cloog-backend=isl --disable-cloog-version-check --enable-lto --enable-gold --enable-ld=default --enable-plugin --with-plugin-ld=ld.gold --with-linker-hash-style=gnu --disable-install-libiberty --disable-multilib --disable-libssp --disable-werror --enable-checking=release
Thread model: posix
gcc version 4.8.2 (GCC) 
configure:2562: $? = 0
configure:2564: g++ -V </dev/null >&5
g++: error: unrecognized command line option '-V'
g++: fatal error: no input files
compilation terminated.
configure:2567: $? = 1
configure:2570: checking whether we are using the GNU C++ compiler
configure:2594: g++ -c -march=i686 -mtune=generic -O2 -pipe -fstack-protector --param=ssp-buffer-size=4 -D_FORTIFY_SOURCE=2 conftest.cc >&5
configure:2600: $? = 0
configure:2603: test -z 			 || test ! -s conftest.err
configure:2606: $? = 0
configure:2609: test -s conftest.o
configure:2612: $? = 0
configure:2625: result: yes
configure:2631: checking whether g++ accepts -g
configure:2652: g++ -c -g -D_FORTIFY_SOURCE=2 conftest.cc >&5
configure:2658: $? = 0
configure:2661: test -z 			 || test ! -s conftest.err
configure:2664: $? = 0
configure:2667: test -s conftest.o
configure:2670: $? = 0
configure:2681: result: yes
configure:2723: g++ -c -march=i686 -mtune=generic -O2 -pipe -fstack-protector --param=ssp-buffer-size=4 -D_FORTIFY_SOURCE=2 conftest.cc >&5
configure:2729: $? = 0
configure:2732: test -z 			 || test ! -s conftest.err
configure:2735: $? = 0
configure:2738: test -s conftest.o
configure:2741: $? = 0
configure:2767: g++ -c -march=i686 -mtune=generic -O2 -pipe -fstack-protector --param=ssp-buffer-size=4 -D_FORTIFY_SOURCE=2 conftest.cc >&5
conftest.cc: In function 'int main()':
conftest.cc:17:9: error: 'exit' was not declared in this scope
 exit (42);
         ^
configure:2773: $? = 1
configure: failed program was:
| /* confdefs.h.  */
| 
| #define PACKAGE_NAME ""
| #define PACKAGE_TARNAME ""
| #define PACKAGE_VERSION ""
| #define PACKAGE_STRING ""
| #define PACKAGE_BUGREPORT ""
| #define VERSION "0.2.4b"
| #define REV_DATE "11/21/99"
| #define USING_NEWPILOT 1
| #define JSTICK_INSTALLED 1
| /* end confdefs.h.  */
| 
| int
| main ()
| {
| exit (42);
|   ;
|   return 0;
| }
configure:2723: g++ -c -march=i686 -mtune=generic -O2 -pipe -fstack-protector --param=ssp-buffer-size=4 -D_FORTIFY_SOURCE=2 conftest.cc >&5
conftest.cc:13:40: error: 'void std::exit(int)' should have been declared inside 'std'
 extern "C" void std::exit (int) throw (); using std::exit;
                                        ^
configure:2729: $? = 1
configure: failed program was:
| /* confdefs.h.  */
| 
| #define PACKAGE_NAME ""
| #define PACKAGE_TARNAME ""
| #define PACKAGE_VERSION ""
| #define PACKAGE_STRING ""
| #define PACKAGE_BUGREPORT ""
| #define VERSION "0.2.4b"
| #define REV_DATE "11/21/99"
| #define USING_NEWPILOT 1
| #define JSTICK_INSTALLED 1
| /* end confdefs.h.  */
| extern "C" void std::exit (int) throw (); using std::exit;
| #include <stdlib.h>
| int
| main ()
| {
| exit (42);
|   ;
|   return 0;
| }
configure:2723: g++ -c -march=i686 -mtune=generic -O2 -pipe -fstack-protector --param=ssp-buffer-size=4 -D_FORTIFY_SOURCE=2 conftest.cc >&5
conftest.cc:13:31: error: 'void std::exit(int)' should have been declared inside 'std'
 extern "C" void std::exit (int); using std::exit;
                               ^
In file included from conftest.cc:14:0:
/usr/include/stdlib.h:543:70: error: declaration of 'void std::exit(int) throw ()' has a different exception specifier
 extern void exit (int __status) __THROW __attribute__ ((__noreturn__));
                                                                      ^
conftest.cc:13:17: error: from previous declaration 'void std::exit(int)'
 extern "C" void std::exit (int); using std::exit;
                 ^
configure:2729: $? = 1
configure: failed program was:
| /* confdefs.h.  */
| 
| #define PACKAGE_NAME ""
| #define PACKAGE_TARNAME ""
| #define PACKAGE_VERSION ""
| #define PACKAGE_STRING ""
| #define PACKAGE_BUGREPORT ""
| #define VERSION "0.2.4b"
| #define REV_DATE "11/21/99"
| #define USING_NEWPILOT 1
| #define JSTICK_INSTALLED 1
| /* end confdefs.h.  */
| extern "C" void std::exit (int); using std::exit;
| #include <stdlib.h>
| int
| main ()
| {
| exit (42);
|   ;
|   return 0;
| }
configure:2723: g++ -c -march=i686 -mtune=generic -O2 -pipe -fstack-protector --param=ssp-buffer-size=4 -D_FORTIFY_SOURCE=2 conftest.cc >&5
configure:2729: $? = 0
configure:2732: test -z 			 || test ! -s conftest.err
configure:2735: $? = 0
configure:2738: test -s conftest.o
configure:2741: $? = 0
configure:2767: g++ -c -march=i686 -mtune=generic -O2 -pipe -fstack-protector --param=ssp-buffer-size=4 -D_FORTIFY_SOURCE=2 conftest.cc >&5
configure:2773: $? = 0
configure:2776: test -z 			 || test ! -s conftest.err
configure:2779: $? = 0
configure:2782: test -s conftest.o
configure:2785: $? = 0
configure:2849: checking for ranlib
configure:2865: found /usr/bin/ranlib
configure:2876: result: ranlib
configure:2893: checking for main in -lncurses
configure:2917: gcc -o conftest -march=i686 -mtune=generic -O2 -pipe -fstack-protector --param=ssp-buffer-size=4 -D_FORTIFY_SOURCE=2 -Wl,-O1,--sort-common,--as-needed,-z,relro conftest.c -lncurses   >&5
configure:2923: $? = 0
configure:2926: test -z 			 || test ! -s conftest.err
configure:2929: $? = 0
configure:2932: test -s conftest
configure:2935: $? = 0
configure:2948: result: yes
configure:3110: checking for main in -lm
configure:3134: gcc -o conftest -march=i686 -mtune=generic -O2 -pipe -fstack-protector --param=ssp-buffer-size=4 -D_FORTIFY_SOURCE=2 -Wl,-O1,--sort-common,--as-needed,-z,relro conftest.c -lm  -lncurses  >&5
configure:3140: $? = 0
configure:3143: test -z 			 || test ! -s conftest.err
configure:3146: $? = 0
configure:3149: test -s conftest
configure:3152: $? = 0
configure:3165: result: yes
configure:3317: creating ./config.status

## ---------------------- ##
## Running config.status. ##
## ---------------------- ##

This file was extended by config.status, which was
generated by GNU Autoconf 2.59.  Invocation command line was

  CONFIG_FILES    = 
  CONFIG_HEADERS  = 
  CONFIG_LINKS    = 
  CONFIG_COMMANDS = 
  $ ./config.status 

on desktop

config.status:710: creating Makefile
config.status:710: creating lib/Makefile
config.status:710: creating lib/tzp/Makefile
config.status:710: creating lib/fonts/Makefile
config.status:710: creating libzip/Makefile
config.status:710: creating gdev/Makefile
config.status:710: creating src/Makefile
config.status:710: creating dialogsrc/Makefile
config.status:710: creating doc/Makefile
config.status:710: creating scenarios/Makefile
config.status:710: creating sdlsrc/Makefile
config.status:710: creating joystick/Makefile

## ---------------- ##
## Cache variables. ##
## ---------------- ##

ac_cv_c_compiler_gnu=yes
ac_cv_cxx_compiler_gnu=yes
ac_cv_env_CC_set=
ac_cv_env_CC_value=
ac_cv_env_CFLAGS_set=set
ac_cv_env_CFLAGS_value='-march=i686 -mtune=generic -O2 -pipe -fstack-protector --param=ssp-buffer-size=4'
ac_cv_env_CPPFLAGS_set=set
ac_cv_env_CPPFLAGS_value=-D_FORTIFY_SOURCE=2
ac_cv_env_CXXFLAGS_set=set
ac_cv_env_CXXFLAGS_value='-march=i686 -mtune=generic -O2 -pipe -fstack-protector --param=ssp-buffer-size=4'
ac_cv_env_CXX_set=
ac_cv_env_CXX_value=
ac_cv_env_LDFLAGS_set=set
ac_cv_env_LDFLAGS_value=-Wl,-O1,--sort-common,--as-needed,-z,relro
ac_cv_env_build_alias_set=
ac_cv_env_build_alias_value=
ac_cv_env_host_alias_set=
ac_cv_env_host_alias_value=
ac_cv_env_target_alias_set=
ac_cv_env_target_alias_value=
ac_cv_exeext=
ac_cv_lib_m_main=yes
ac_cv_lib_ncurses_main=yes
ac_cv_objext=o
ac_cv_path_install='/usr/bin/install -c'
ac_cv_prog_ac_ct_CC=gcc
ac_cv_prog_ac_ct_CXX=g++
ac_cv_prog_ac_ct_RANLIB=ranlib
ac_cv_prog_cc_g=yes
ac_cv_prog_cc_stdc=
ac_cv_prog_cxx_g=yes
ac_cv_prog_make_make_set=yes

## ----------------- ##
## Output variables. ##
## ----------------- ##

AUTOCONF='autoconf'
AUTOMAKE='automake'
CC='gcc'
CFLAGS='-march=i686 -mtune=generic -O2 -pipe -fstack-protector --param=ssp-buffer-size=4'
CPPFLAGS='-D_FORTIFY_SOURCE=2'
CXX='g++'
CXXFLAGS='-march=i686 -mtune=generic -O2 -pipe -fstack-protector --param=ssp-buffer-size=4'
DEFS='-DPACKAGE_NAME=\"\" -DPACKAGE_TARNAME=\"\" -DPACKAGE_VERSION=\"\" -DPACKAGE_STRING=\"\" -DPACKAGE_BUGREPORT=\"\" -DVERSION=\"0.2.4b\" -DREV_DATE=\"11/21/99\" -DUSING_NEWPILOT=1 -DJSTICK_INSTALLED=1 -DHAVE_LIBNCURSES=1 -DHAVE_LIBM=1 '
ECHO_C=''
ECHO_N='-n'
ECHO_T=''
EXEEXT=''
INSTALL_DATA='${INSTALL} -m 644'
INSTALL_PROGRAM='${INSTALL}'
INSTALL_SCRIPT='${INSTALL}'
LDFLAGS='-Wl,-O1,--sort-common,--as-needed,-z,relro'
LIBOBJS=''
LIBS='-lm -lncurses '
LTLIBOBJS=''
OBJEXT='o'
PACKAGE='sabre'
PACKAGE_BUGREPORT=''
PACKAGE_NAME='sabre'
PACKAGE_STRING=''
PACKAGE_TARNAME=''
PACKAGE_VERSION=''
PATH_SEPARATOR=':'
RANLIB='ranlib'
REV_DATE='11/21/99'
SET_MAKE=''
SHELL='/bin/sh'
SVGALIB_FALSE=''
SVGALIB_TRUE='#'
VERSION='0.2.4b'
ac_ct_CC='gcc'
ac_ct_CXX='g++'
ac_ct_RANLIB='ranlib'
bindir='${exec_prefix}/bin'
build=''
build_alias=''
build_cpu=''
build_os=''
build_vendor=''
datadir='${prefix}/share'
exec_prefix='${prefix}'
host=''
host_alias=''
host_cpu=''
host_os=''
host_vendor=''
includedir='${prefix}/include'
infodir='${prefix}/info'
libdir='${exec_prefix}/lib'
libexecdir='${exec_prefix}/libexec'
localstatedir='${prefix}/var'
mandir='${prefix}/man'
oldincludedir='/usr/include'
prefix='/usr/local'
program_transform_name='s,x,x,'
sbindir='${exec_prefix}/sbin'
sharedstatedir='${prefix}/com'
sysconfdir='${prefix}/etc'
target_alias=''

## ----------- ##
## confdefs.h. ##
## ----------- ##

#define HAVE_LIBM 1
#define HAVE_LIBNCURSES 1
#define JSTICK_INSTALLED 1
#define PACKAGE_BUGREPORT ""
#define PACKAGE_NAME ""
#define PACKAGE_STRING ""
#define PACKAGE_TARNAME ""
#define PACKAGE_VERSION ""
#define REV_DATE "11/21/99"
#define USING_NEWPILOT 1
#define VERSION "0.2.4b"
#endif
#ifdef __cplusplus
extern "C" void exit (int) throw ();

configure: exit 0
