02clouds.tzp
base0000.tzp
basesdw0.tzp
clou0000.tzp
clou0001.tzp
clou0002.tzp
clou0003.tzp
clou0100.tzp
clou0101.tzp
clou0102.tzp
clou0103.tzp
clou0200.tzp
clou0201.tzp
clou0202.tzp
clou0203.tzp
clou0300.tzp
clou0301.tzp
clou0302.tzp
clou0303.tzp
cltp0000.tzp
cltp0001.tzp
cltp0002.tzp
cltp0003.tzp
cltp0100.tzp
cltp0101.tzp
cltp0102.tzp
cltp0103.tzp
cltp0200.tzp
cltp0201.tzp
cltp0202.tzp
cltp0203.tzp
cltp0300.tzp
cltp0301.tzp
cltp0302.tzp
cltp0303.tzp
ctop0000.tzp
distrib.lst
f86str00.tzp
f9fcpk.tzp
fire.tzp
gunport0.tzp
kore0000.tzp
kore0001.tzp
kore0002.tzp
kore0003.tzp
kore0004.tzp
kore0005.tzp
kore0006.tzp
kore0007.tzp
kore0008.tzp
kore0009.tzp
kore0010.tzp
kore0011.tzp
kore0012.tzp
kore0013.tzp
kore0014.tzp
kore0015.tzp
kore0100.tzp
kore0101.tzp
kore0102.tzp
kore0103.tzp
kore0104.tzp
kore0105.tzp
kore0106.tzp
kore0107.tzp
kore0108.tzp
kore0109.tzp
kore0110.tzp
kore0111.tzp
kore0112.tzp
kore0113.tzp
kore0114.tzp
kore0115.tzp
kore0200.tzp
kore0201.tzp
kore0202.tzp
kore0203.tzp
kore0204.tzp
kore0205.tzp
kore0206.tzp
kore0207.tzp
kore0208.tzp
kore0209.tzp
kore0210.tzp
kore0211.tzp
kore0212.tzp
kore0213.tzp
kore0214.tzp
kore0215.tzp
kore0300.tzp
kore0301.tzp
kore0302.tzp
kore0303.tzp
kore0304.tzp
kore0305.tzp
kore0306.tzp
kore0307.tzp
kore0308.tzp
kore0309.tzp
kore0310.tzp
kore0311.tzp
kore0312.tzp
kore0313.tzp
kore0314.tzp
kore0315.tzp
kore0400.tzp
kore0401.tzp
kore0402.tzp
kore0403.tzp
kore0404.tzp
kore0405.tzp
kore0406.tzp
kore0407.tzp
kore0408.tzp
kore0409.tzp
kore0410.tzp
kore0411.tzp
kore0412.tzp
kore0413.tzp
kore0414.tzp
kore0415.tzp
kore0500.tzp
kore0501.tzp
kore0502.tzp
kore0503.tzp
kore0504.tzp
kore0505.tzp
kore0506.tzp
kore0507.tzp
kore0508.tzp
kore0509.tzp
kore0510.tzp
kore0511.tzp
kore0512.tzp
kore0513.tzp
kore0514.tzp
kore0515.tzp
kore0600.tzp
kore0601.tzp
kore0602.tzp
kore0603.tzp
kore0604.tzp
kore0605.tzp
kore0606.tzp
kore0607.tzp
kore0608.tzp
kore0609.tzp
kore0610.tzp
kore0611.tzp
kore0612.tzp
kore0613.tzp
kore0614.tzp
kore0615.tzp
kore0700.tzp
kore0701.tzp
kore0702.tzp
kore0703.tzp
kore0704.tzp
kore0705.tzp
kore0706.tzp
kore0707.tzp
kore0708.tzp
kore0709.tzp
kore0710.tzp
kore0711.tzp
kore0712.tzp
kore0713.tzp
kore0714.tzp
kore0715.tzp
kore0800.tzp
kore0801.tzp
kore0802.tzp
kore0803.tzp
kore0804.tzp
kore0805.tzp
kore0806.tzp
kore0807.tzp
kore0808.tzp
kore0809.tzp
kore0810.tzp
kore0811.tzp
kore0812.tzp
kore0813.tzp
kore0814.tzp
kore0815.tzp
kore0900.tzp
kore0901.tzp
kore0902.tzp
kore0903.tzp
kore0904.tzp
kore0905.tzp
kore0906.tzp
kore0907.tzp
kore0908.tzp
kore0909.tzp
kore0910.tzp
kore0911.tzp
kore0912.tzp
kore0913.tzp
kore0914.tzp
kore0915.tzp
kore1000.tzp
kore1001.tzp
kore1002.tzp
kore1003.tzp
kore1004.tzp
kore1005.tzp
kore1006.tzp
kore1007.tzp
kore1008.tzp
kore1009.tzp
kore1010.tzp
kore1011.tzp
kore1012.tzp
kore1013.tzp
kore1014.tzp
kore1015.tzp
kore1100.tzp
kore1101.tzp
kore1102.tzp
kore1103.tzp
kore1104.tzp
kore1105.tzp
kore1106.tzp
kore1107.tzp
kore1108.tzp
kore1109.tzp
kore1110.tzp
kore1111.tzp
kore1112.tzp
kore1113.tzp
kore1114.tzp
kore1115.tzp
kore1200.tzp
kore1201.tzp
kore1202.tzp
kore1203.tzp
kore1204.tzp
kore1205.tzp
kore1206.tzp
kore1207.tzp
kore1208.tzp
kore1209.tzp
kore1210.tzp
kore1211.tzp
kore1212.tzp
kore1213.tzp
kore1214.tzp
kore1215.tzp
kore1300.tzp
kore1301.tzp
kore1302.tzp
kore1303.tzp
kore1304.tzp
kore1305.tzp
kore1306.tzp
kore1307.tzp
kore1308.tzp
kore1309.tzp
kore1310.tzp
kore1311.tzp
kore1312.tzp
kore1313.tzp
kore1314.tzp
kore1315.tzp
kore1400.tzp
kore1401.tzp
kore1402.tzp
kore1403.tzp
kore1404.tzp
kore1405.tzp
kore1406.tzp
kore1407.tzp
kore1408.tzp
kore1409.tzp
kore1410.tzp
kore1411.tzp
kore1412.tzp
kore1413.tzp
kore1414.tzp
kore1415.tzp
kore1500.tzp
kore1501.tzp
kore1502.tzp
kore1503.tzp
kore1504.tzp
kore1505.tzp
kore1506.tzp
kore1507.tzp
kore1508.tzp
kore1509.tzp
kore1510.tzp
kore1511.tzp
kore1512.tzp
kore1513.tzp
kore1514.tzp
kore1515.tzp
mgwg0000.tzp
rdstr00.tzp
rdstrw00.tzp
rnwy0000.tzp
sbrtail0.tzp
sbrwing0.tzp
sdng2000.tzp
sdng3000.tzp
smoke.tzp
strdw000.tzp
strpw000.tzp
throttle.tzp
ustar200.tzp
ustarw00.tzp
