a.cpk
a.flt
a.gru
a.hud
a.plt
a.spc
a.txr
a.wld
b.gru
bridge.obj
bridge2.obj
distrib.lst
dogfight.flt
dogfight.nds
dogfight.wps
droptnk.shp
ed.wld
f84.shp
f84.spc
fly.flt
fly.nds
fly.wps
furball.flt
furball.nds
gru.flt
gru.nds
gru.wld
gru.wps
gru2.wld
hanger1.obj
hvar.shp
korea.trn
melee.flt
melee.nds
mig15.shp
mig15.spc
migjump.flt
migjump.nds
mk1000.shp
mk500.shp
p51.shp
p51.spc
pistons.flt
pistons.nds
pyramid.obj
sabre.pil
sabre.shp
sabre.spc
sabre.wpn
sabre.wps
scloud.obj
shoot1.flt
shoot1.nds
shoot1.wps
shoot2.flt
shoot2.nds
shoot2.wps
shoot3.flt
shoot3.wps
takeoff.flt
takeoff.nds
takeoff.wps
thunder.flt
thunder.nds
truck.obj
truck.shp
yak09.shp
yak09.spc
yakattak.flt
yakattak.nds
